<?xml version="1.0" encoding="UTF-8"?>
<testng-results ignored="0" total="1" passed="1" failed="0" skipped="0">
  <reporter-output>
  </reporter-output>
  <suite started-at="2021-01-21T10:44:18Z" name="Sanduoclieu" finished-at="2021-01-21T10:45:04Z" duration-ms="45326">
    <groups>
    </groups>
    <test started-at="2021-01-21T10:44:18Z" name="Run on CHROME" finished-at="2021-01-21T10:45:04Z" duration-ms="45326">
      <class name="pom.Sanduoclieu.user.RegisterPage">
        <test-method is-config="true" signature="beforeClass(java.lang.String, java.lang.String)[pri:0, instance:pom.Sanduoclieu.user.RegisterPage@4331d187]" started-at="2021-01-21T10:44:18Z" name="beforeClass" finished-at="2021-01-21T10:44:26Z" duration-ms="7737" status="PASS">
          <params>
            <param index="0">
              <value>
                <![CDATA[chrome]]>
              </value>
            </param>
            <param index="1">
              <value>
                <![CDATA[https://yduoccotruyen.com.vn/]]>
              </value>
            </param>
          </params>
          <reporter-output>
          </reporter-output>
        </test-method> <!-- beforeClass -->
        <test-method signature="TC_Register_Enterprise_Buy()[pri:0, instance:pom.Sanduoclieu.user.RegisterPage@4331d187]" started-at="2021-01-21T10:44:26Z" name="TC_Register_Enterprise_Buy" finished-at="2021-01-21T10:45:02Z" duration-ms="36415" status="PASS">
          <reporter-output>
          </reporter-output>
        </test-method> <!-- TC_Register_Enterprise_Buy -->
        <test-method is-config="true" signature="afterClass()[pri:0, instance:pom.Sanduoclieu.user.RegisterPage@4331d187]" started-at="2021-01-21T10:45:03Z" name="afterClass" finished-at="2021-01-21T10:45:04Z" duration-ms="1064" status="PASS">
          <reporter-output>
          </reporter-output>
        </test-method> <!-- afterClass -->
      </class> <!-- pom.Sanduoclieu.user.RegisterPage -->
    </test> <!-- Run on CHROME -->
  </suite> <!-- Sanduoclieu -->
</testng-results>
